Arguments: 
  C:\Program Files\nodejs\node.exe C:\Users\Zomer\AppData\Roaming\npm\node_modules\yarn\bin\yarn.js add bootstrap

PATH: 
  C:\Users\Zomer\AppData\Local\Programs\Python\Python39\Scripts\;C:\Users\Zomer\AppData\Local\Programs\Python\Python39\;C:\Windows\system32;C:\Windows;C:\Windows\System32\Wbem;C:\Windows\System32\WindowsPowerShell\v1.0\;C:\Windows\System32\OpenSSH\;C:\ProgramData\chocolatey\bin;C:\tools\neovim\Neovim\bin;C:\Program Files\Git\cmd;C:\nvim-win64\Neovim\bin;C:\Users\Zomer\Documents\cmder;C:\Users\Zomer\Documents\cmder\bin;C:\Program Files\Microsoft VS Code Insiders\bin;C:\Program Files\Microsoft VS Code\bin;C:\Program Files\nodejs\;C:\Program Files\MongoDB\Server\5.0\bin;C:\Users\Zomer\AppData\Local\Programs\mongosh;C:\Program Files\Java\jdk-15.0.2\bin;C:\Program Files\Common Files\Oracle\Java\javapath;C:\Program Files\Neovim\bin;C:\Python27;C:\Users\Zomer\AppData\Local\Microsoft\WindowsApps;C:\Program Files\Java\jdk-15.0.1\bin;C:\Users\Zomer\AppData\Local\hyper\app-3.0.2\resources\bin;C:\Users\Zomer\AppData\Local\Programs\Python\Python27\;C:\Users\Zomer\AppData\Local\Programs\Python\Python27\Scripts\;C:\Program Files\JetBrains\IntelliJ IDEA Community Edition 2020.3\bin;C:\Program Files\JetBrains\PyCharm Community Edition 2020.3\bin;C:\Program Files\Java\javafx-sdk-11.0.2\lib;C:\Program Files\JetBrains\PhpStorm 2020.3.2\bin;C:\Program Files\JetBrains\IntelliJ IDEA 2020.3.2\bin;C:\Program Files\Azure Data Studio\bin;C:\Program Files\JetBrains\WebStorm 2021.1.3\bin;C:\Users\Zomer\AppData\Roaming\npm;C:\Program Files\heroku\bin

Yarn version: 
  1.22.11

Node version: 
  16.5.0

Platform: 
  win32 x64

Trace: 
  Error: EPERM: operation not permitted, unlink 'C:\Users\Zomer\Desktop\zomify-ecommerce\client\node_modules\esbuild\esbuild.exe'

npm manifest: 
  {
    "name": "client",
    "version": "0.0.0",
    "scripts": {
      "dev": "vite",
      "build": "vite build",
      "serve": "vite preview"
    },
    "dependencies": {
      "antd": "^4.16.13",
      "react": "^17.0.0",
      "react-dom": "^17.0.0",
      "react-router-dom": "^5.3.0"
    },
    "devDependencies": {
      "@vitejs/plugin-react-refresh": "^1.3.1",
      "autoprefixer": "^10.3.4",
      "postcss": "^8.3.6",
      "tailwindcss": "^2.2.15",
      "vite": "^2.5.4"
    }
  }

yarn manifest: 
  No manifest

Lockfile: 
  # THIS IS AN AUTOGENERATED FILE. DO NOT EDIT THIS FILE DIRECTLY.
  # yarn lockfile v1
  
  
  "@ant-design/colors@^6.0.0":
    "integrity" "sha512-qAZRvPzfdWHtfameEGP2Qvuf838NhergR35o+EuVyB5XvSA98xod5r4utvi4TJ3ywmevm290g9nsCG5MryrdWQ=="
    "resolved" "https://registry.npmjs.org/@ant-design/colors/-/colors-6.0.0.tgz"
    "version" "6.0.0"
    dependencies:
      "@ctrl/tinycolor" "^3.4.0"
  
  "@ant-design/icons-svg@^4.0.0":
    "integrity" "sha512-Fi03PfuUqRs76aI3UWYpP864lkrfPo0hluwGqh7NJdLhvH4iRDc3jbJqZIvRDLHKbXrvAfPPV3+zjUccfFvWOQ=="
    "resolved" "https://registry.npmjs.org/@ant-design/icons-svg/-/icons-svg-4.1.0.tgz"
    "version" "4.1.0"
  
  "@ant-design/icons@^4.6.3":
    "integrity" "sha512-li02J8ym721E24N3bw1oXRzFDV7m2MYQWs+WtJgVVjhNRv4sc6vL2a2M7SS8rWX3Uc/3GJfrokIJnMrmbIMuXQ=="
    "resolved" "https://registry.npmjs.org/@ant-design/icons/-/icons-4.6.4.tgz"
    "version" "4.6.4"
    dependencies:
      "@ant-design/colors" "^6.0.0"
      "@ant-design/icons-svg" "^4.0.0"
      "@babel/runtime" "^7.11.2"
      "classnames" "^2.2.6"
      "rc-util" "^5.9.4"
  
  "@ant-design/react-slick@~0.28.1":
    "integrity" "sha512-j9eAHTn7GxbXUFNknJoHS2ceAsqrQi2j8XykjZE1IXCD8kJF+t28EvhBLniDpbOsBk/3kjalnhriTfZcjBHNqg=="
    "resolved" "https://registry.npmjs.org/@ant-design/react-slick/-/react-slick-0.28.4.tgz"
    "version" "0.28.4"
    dependencies:
      "@babel/runtime" "^7.10.4"
      "classnames" "^2.2.5"
      "json2mq" "^0.2.0"
      "lodash" "^4.17.21"
      "resize-observer-polyfill" "^1.5.0"
  
  "@babel/code-frame@^7.0.0", "@babel/code-frame@^7.14.5":
    "integrity" "sha512-9pzDqyc6OLDaqe+zbACgFkb6fKMNG6CObKpnYXChRsvYGyEdc7CA2BaqeOM+vOtCS5ndmJicPJhKAwYRI6UfFw=="
    "resolved" "https://registry.npmjs.org/@babel/code-frame/-/code-frame-7.14.5.tgz"
    "version" "7.14.5"
    dependencies:
      "@babel/highlight" "^7.14.5"
  
  "@babel/compat-data@^7.15.0":
    "integrity" "sha512-0NqAC1IJE0S0+lL1SWFMxMkz1pKCNCjI4tr2Zx4LJSXxCLAdr6KyArnY+sno5m3yH9g737ygOyPABDsnXkpxiA=="
    "resolved" "https://registry.npmjs.org/@babel/compat-data/-/compat-data-7.15.0.tgz"
    "version" "7.15.0"
  
  "@babel/core@^7.0.0", "@babel/core@^7.0.0-0", "@babel/core@^7.14.8":
    "integrity" "sha512-pYgXxiwAgQpgM1bNkZsDEq85f0ggXMA5L7c+o3tskGMh2BunCI9QUwB9Z4jpvXUOuMdyGKiGKQiRe11VS6Jzvg=="
    "resolved" "https://registry.npmjs.org/@babel/core/-/core-7.15.5.tgz"
    "version" "7.15.5"
    dependencies:
      "@babel/code-frame" "^7.14.5"
      "@babel/generator" "^7.15.4"
      "@babel/helper-compilation-targets" "^7.15.4"
      "@babel/helper-module-transforms" "^7.15.4"
      "@babel/helpers" "^7.15.4"
      "@babel/parser" "^7.15.5"
      "@babel/template" "^7.15.4"
      "@babel/traverse" "^7.15.4"
      "@babel/types" "^7.15.4"
      "convert-source-map" "^1.7.0"
      "debug" "^4.1.0"
      "gensync" "^1.0.0-beta.2"
      "json5" "^2.1.2"
      "semver" "^6.3.0"
      "source-map" "^0.5.0"
  
  "@babel/generator@^7.15.4":
    "integrity" "sha512-d3itta0tu+UayjEORPNz6e1T3FtvWlP5N4V5M+lhp/CxT4oAA7/NcScnpRyspUMLK6tu9MNHmQHxRykuN2R7hw=="
    "resolved" "https://registry.npmjs.org/@babel/generator/-/generator-7.15.4.tgz"
    "version" "7.15.4"
    dependencies:
      "@babel/types" "^7.15.4"
      "jsesc" "^2.5.1"
      "source-map" "^0.5.0"
  
  "@babel/helper-compilation-targets@^7.15.4":
    "integrity" "sha512-rMWPCirulnPSe4d+gwdWXLfAXTTBj8M3guAf5xFQJ0nvFY7tfNAFnWdqaHegHlgDZOCT4qvhF3BYlSJag8yhqQ=="
    "resolved" "https://registry.npmjs.org/@babel/helper-compilation-targets/-/helper-compilation-targets-7.15.4.tgz"
    "version" "7.15.4"
    dependencies:
      "@babel/compat-data" "^7.15.0"
      "@babel/helper-validator-option" "^7.14.5"
      "browserslist" "^4.16.6"
      "semver" "^6.3.0"
  
  "@babel/helper-function-name@^7.15.4":
    "integrity" "sha512-Z91cOMM4DseLIGOnog+Z8OI6YseR9bua+HpvLAQ2XayUGU+neTtX+97caALaLdyu53I/fjhbeCnWnRH1O3jFOw=="
    "resolved" "https://registry.npmjs.org/@babel/helper-function-name/-/helper-function-name-7.15.4.tgz"
    "version" "7.15.4"
    dependencies:
      "@babel/helper-get-function-arity" "^7.15.4"
      "@babel/template" "^7.15.4"
      "@babel/types" "^7.15.4"
  
  "@babel/helper-get-function-arity@^7.15.4":
    "integrity" "sha512-1/AlxSF92CmGZzHnC515hm4SirTxtpDnLEJ0UyEMgTMZN+6bxXKg04dKhiRx5Enel+SUA1G1t5Ed/yQia0efrA=="
    "resolved" "https://registry.npmjs.org/@babel/helper-get-function-arity/-/helper-get-function-arity-7.15.4.tgz"
    "version" "7.15.4"
    dependencies:
      "@babel/types" "^7.15.4"
  
  "@babel/helper-hoist-variables@^7.15.4":
    "integrity" "sha512-VTy085egb3jUGVK9ycIxQiPbquesq0HUQ+tPO0uv5mPEBZipk+5FkRKiWq5apuyTE9FUrjENB0rCf8y+n+UuhA=="
    "resolved" "https://registry.npmjs.org/@babel/helper-hoist-variables/-/helper-hoist-variables-7.15.4.tgz"
    "version" "7.15.4"
    dependencies:
      "@babel/types" "^7.15.4"
  
  "@babel/helper-member-expression-to-functions@^7.15.4":
    "integrity" "sha512-cokOMkxC/BTyNP1AlY25HuBWM32iCEsLPI4BHDpJCHHm1FU2E7dKWWIXJgQgSFiu4lp8q3bL1BIKwqkSUviqtA=="
    "resolved" "https://registry.npmjs.org/@babel/helper-member-expression-to-functions/-/helper-member-expression-to-functions-7.15.4.tgz"
    "version" "7.15.4"
    dependencies:
      "@babel/types" "^7.15.4"
  
  "@babel/helper-module-imports@^7.15.4":
    "integrity" "sha512-jeAHZbzUwdW/xHgHQ3QmWR4Jg6j15q4w/gCfwZvtqOxoo5DKtLHk8Bsf4c5RZRC7NmLEs+ohkdq8jFefuvIxAA=="
    "resolved" "https://registry.npmjs.org/@babel/helper-module-imports/-/helper-module-imports-7.15.4.tgz"
    "version" "7.15.4"
    dependencies:
      "@babel/types" "^7.15.4"
  
  "@babel/helper-module-transforms@^7.15.4":
    "integrity" "sha512-ZNqjjQG/AuFfekFTY+7nY4RgBSklgTu970c7Rj3m/JOhIu5KPBUuTA9AY6zaKcUvk4g6EbDXdBnhi35FAssdSw=="
    "resolved" "https://registry.npmjs.org/@babel/helper-module-transforms/-/helper-module-transforms-7.15.7.tgz"
    "version" "7.15.7"
    dependencies:
      "@babel/helper-module-imports" "^7.15.4"
      "@babel/helper-replace-supers" "^7.15.4"
      "@babel/helper-simple-access" "^7.15.4"
      "@babel/helper-split-export-declaration" "^7.15.4"
      "@babel/helper-validator-identifier" "^7.15.7"
      "@babel/template" "^7.15.4"
      "@babel/traverse" "^7.15.4"
      "@babel/types" "^7.15.6"
  
  "@babel/helper-optimise-call-expression@^7.15.4":
    "integrity" "sha512-E/z9rfbAOt1vDW1DR7k4SzhzotVV5+qMciWV6LaG1g4jeFrkDlJedjtV4h0i4Q/ITnUu+Pk08M7fczsB9GXBDw=="
    "resolved" "https://registry.npmjs.org/@babel/helper-optimise-call-expression/-/helper-optimise-call-expression-7.15.4.tgz"
    "version" "7.15.4"
    dependencies:
      "@babel/types" "^7.15.4"
  
  "@babel/helper-plugin-utils@^7.14.5":
    "integrity" "sha512-/37qQCE3K0vvZKwoK4XU/irIJQdIfCJuhU5eKnNxpFDsOkgFaUAwbv+RYw6eYgsC0E4hS7r5KqGULUogqui0fQ=="
    "resolved" "https://registry.npmjs.org/@babel/helper-plugin-utils/-/helper-plugin-utils-7.14.5.tgz"
    "version" "7.14.5"
  
  "@babel/helper-replace-supers@^7.15.4":
    "integrity" "sha512-/ztT6khaXF37MS47fufrKvIsiQkx1LBRvSJNzRqmbyeZnTwU9qBxXYLaaT/6KaxfKhjs2Wy8kG8ZdsFUuWBjzw=="
    "resolved" "https://registry.npmjs.org/@babel/helper-replace-supers/-/helper-replace-supers-7.15.4.tgz"
    "version" "7.15.4"
    dependencies:
      "@babel/helper-member-expression-to-functions" "^7.15.4"
      "@babel/helper-optimise-call-expression" "^7.15.4"
      "@babel/traverse" "^7.15.4"
      "@babel/types" "^7.15.4"
  
  "@babel/helper-simple-access@^7.15.4":
    "integrity" "sha512-UzazrDoIVOZZcTeHHEPYrr1MvTR/K+wgLg6MY6e1CJyaRhbibftF6fR2KU2sFRtI/nERUZR9fBd6aKgBlIBaPg=="
    "resolved" "https://registry.npmjs.org/@babel/helper-simple-access/-/helper-simple-access-7.15.4.tgz"
    "version" "7.15.4"
    dependencies:
      "@babel/types" "^7.15.4"
  
  "@babel/helper-split-export-declaration@^7.15.4":
    "integrity" "sha512-HsFqhLDZ08DxCpBdEVtKmywj6PQbwnF6HHybur0MAnkAKnlS6uHkwnmRIkElB2Owpfb4xL4NwDmDLFubueDXsw=="
    "resolved" "https://registry.npmjs.org/@babel/helper-split-export-declaration/-/helper-split-export-declaration-7.15.4.tgz"
    "version" "7.15.4"
    dependencies:
      "@babel/types" "^7.15.4"
  
  "@babel/helper-validator-identifier@^7.14.5", "@babel/helper-validator-identifier@^7.14.9", "@babel/helper-validator-identifier@^7.15.7":
    "integrity" "sha512-K4JvCtQqad9OY2+yTU8w+E82ywk/fe+ELNlt1G8z3bVGlZfn/hOcQQsUhGhW/N+tb3fxK800wLtKOE/aM0m72w=="
    "resolved" "https://registry.npmjs.org/@babel/helper-validator-identifier/-/helper-validator-identifier-7.15.7.tgz"
    "version" "7.15.7"
  
  "@babel/helper-validator-option@^7.14.5":
    "integrity" "sha512-OX8D5eeX4XwcroVW45NMvoYaIuFI+GQpA2a8Gi+X/U/cDUIRsV37qQfF905F0htTRCREQIB4KqPeaveRJUl3Ow=="
    "resolved" "https://registry.npmjs.org/@babel/helper-validator-option/-/helper-validator-option-7.14.5.tgz"
    "version" "7.14.5"
  
  "@babel/helpers@^7.15.4":
    "integrity" "sha512-V45u6dqEJ3w2rlryYYXf6i9rQ5YMNu4FLS6ngs8ikblhu2VdR1AqAd6aJjBzmf2Qzh6KOLqKHxEN9+TFbAkAVQ=="
    "resolved" "https://registry.npmjs.org/@babel/helpers/-/helpers-7.15.4.tgz"
    "version" "7.15.4"
    dependencies:
      "@babel/template" "^7.15.4"
      "@babel/traverse" "^7.15.4"
      "@babel/types" "^7.15.4"
  
  "@babel/highlight@^7.14.5":
    "integrity" "sha512-qf9u2WFWVV0MppaL877j2dBtQIDgmidgjGk5VIMw3OadXvYaXn66U1BFlH2t4+t3i+8PhedppRv+i40ABzd+gg=="
    "resolved" "https://registry.npmjs.org/@babel/highlight/-/highlight-7.14.5.tgz"
    "version" "7.14.5"
    dependencies:
      "@babel/helper-validator-identifier" "^7.14.5"
      "chalk" "^2.0.0"
      "js-tokens" "^4.0.0"
  
  "@babel/parser@^7.15.4", "@babel/parser@^7.15.5":
    "integrity" "sha512-rycZXvQ+xS9QyIcJ9HXeDWf1uxqlbVFAUq0Rq0dbc50Zb/+wUe/ehyfzGfm9KZZF0kBejYgxltBXocP+gKdL2g=="
    "resolved" "https://registry.npmjs.org/@babel/parser/-/parser-7.15.7.tgz"
    "version" "7.15.7"
  
  "@babel/plugin-transform-react-jsx-self@^7.14.5":
    "integrity" "sha512-Fqqu0f8zv9W+RyOnx29BX/RlEsBRANbOf5xs5oxb2aHP4FKbLXxIaVPUiCti56LAR1IixMH4EyaixhUsKqoBHw=="
    "resolved" "https://registry.npmjs.org/@babel/plugin-transform-react-jsx-self/-/plugin-transform-react-jsx-self-7.14.9.tgz"
    "version" "7.14.9"
    dependencies:
      "@babel/helper-plugin-utils" "^7.14.5"
  
  "@babel/plugin-transform-react-jsx-source@^7.14.5":
    "integrity" "sha512-1TpSDnD9XR/rQ2tzunBVPThF5poaYT9GqP+of8fAtguYuI/dm2RkrMBDemsxtY0XBzvW7nXjYM0hRyKX9QYj7Q=="
    "resolved" "https://registry.npmjs.org/@babel/plugin-transform-react-jsx-source/-/plugin-transform-react-jsx-source-7.14.5.tgz"
    "version" "7.14.5"
    dependencies:
      "@babel/helper-plugin-utils" "^7.14.5"
  
  "@babel/runtime@^7.1.2", "@babel/runtime@^7.10.1", "@babel/runtime@^7.10.2", "@babel/runtime@^7.10.4", "@babel/runtime@^7.11.1", "@babel/runtime@^7.11.2", "@babel/runtime@^7.12.1", "@babel/runtime@^7.12.13", "@babel/runtime@^7.12.5", "@babel/runtime@^7.8.4":
    "integrity" "sha512-99catp6bHCaxr4sJ/DbTGgHS4+Rs2RVd2g7iOap6SLGPDknRK9ztKNsE/Fg6QhSeh1FGE5f6gHGQmvvn3I3xhw=="
    "resolved" "https://registry.npmjs.org/@babel/runtime/-/runtime-7.15.4.tgz"
    "version" "7.15.4"
    dependencies:
      "regenerator-runtime" "^0.13.4"
  
  "@babel/template@^7.15.4":
    "integrity" "sha512-UgBAfEa1oGuYgDIPM2G+aHa4Nlo9Lh6mGD2bDBGMTbYnc38vulXPuC1MGjYILIEmlwl6Rd+BPR9ee3gm20CBtg=="
    "resolved" "https://registry.npmjs.org/@babel/template/-/template-7.15.4.tgz"
    "version" "7.15.4"
    dependencies:
      "@babel/code-frame" "^7.14.5"
      "@babel/parser" "^7.15.4"
      "@babel/types" "^7.15.4"
  
  "@babel/traverse@^7.15.4":
    "integrity" "sha512-W6lQD8l4rUbQR/vYgSuCAE75ADyyQvOpFVsvPPdkhf6lATXAsQIG9YdtOcu8BB1dZ0LKu+Zo3c1wEcbKeuhdlA=="
    "resolved" "https://registry.npmjs.org/@babel/traverse/-/traverse-7.15.4.tgz"
    "version" "7.15.4"
    dependencies:
      "@babel/code-frame" "^7.14.5"
      "@babel/generator" "^7.15.4"
      "@babel/helper-function-name" "^7.15.4"
      "@babel/helper-hoist-variables" "^7.15.4"
      "@babel/helper-split-export-declaration" "^7.15.4"
      "@babel/parser" "^7.15.4"
      "@babel/types" "^7.15.4"
      "debug" "^4.1.0"
      "globals" "^11.1.0"
  
  "@babel/types@^7.15.4", "@babel/types@^7.15.6":
    "integrity" "sha512-BPU+7QhqNjmWyDO0/vitH/CuhpV8ZmK1wpKva8nuyNF5MJfuRNWMc+hc14+u9xT93kvykMdncrJT19h74uB1Ig=="
    "resolved" "https://registry.npmjs.org/@babel/types/-/types-7.15.6.tgz"
    "version" "7.15.6"
    dependencies:
      "@babel/helper-validator-identifier" "^7.14.9"
      "to-fast-properties" "^2.0.0"
  
  "@ctrl/tinycolor@^3.4.0":
    "integrity" "sha512-JZButFdZ1+/xAfpguQHoabIXkcqRRKpMrWKBkpEZZyxfY9C1DpADFB8PEqGSTeFr135SaTRfKqGKx5xSCLI7ZQ=="
    "resolved" "https://registry.npmjs.org/@ctrl/tinycolor/-/tinycolor-3.4.0.tgz"
    "version" "3.4.0"
  
  "@nodelib/fs.scandir@2.1.5":
    "version" "2.1.5"
    dependencies:
      "@nodelib/fs.stat" "2.0.5"
      "run-parallel" "^1.1.9"
  
  "@nodelib/fs.stat@^2.0.2", "@nodelib/fs.stat@2.0.5":
    "version" "2.0.5"
  
  "@nodelib/fs.walk@^1.2.3":
    "version" "1.2.8"
    dependencies:
      "@nodelib/fs.scandir" "2.1.5"
      "fastq" "^1.6.0"
  
  "@rollup/pluginutils@^4.1.1":
    "integrity" "sha512-clDjivHqWGXi7u+0d2r2sBi4Ie6VLEAzWMIkvJLnDmxoOhBYOTfzGbOQBA32THHm11/LiJbd01tJUpJsbshSWQ=="
    "resolved" "https://registry.npmjs.org/@rollup/pluginutils/-/pluginutils-4.1.1.tgz"
    "version" "4.1.1"
    dependencies:
      "estree-walker" "^2.0.1"
      "picomatch" "^2.2.2"
  
  "@types/parse-json@^4.0.0":
    "version" "4.0.0"
  
  "@vitejs/plugin-react-refresh@^1.3.1":
    "integrity" "sha512-iNR/UqhUOmFFxiezt0em9CgmiJBdWR+5jGxB2FihaoJfqGt76kiwaKoVOJVU5NYcDWMdN06LbyN2VIGIoYdsEA=="
    "resolved" "https://registry.npmjs.org/@vitejs/plugin-react-refresh/-/plugin-react-refresh-1.3.6.tgz"
    "version" "1.3.6"
    dependencies:
      "@babel/core" "^7.14.8"
      "@babel/plugin-transform-react-jsx-self" "^7.14.5"
      "@babel/plugin-transform-react-jsx-source" "^7.14.5"
      "@rollup/pluginutils" "^4.1.1"
      "react-refresh" "^0.10.0"
  
  "acorn-node@^1.6.1":
    "version" "1.8.2"
    dependencies:
      "acorn" "^7.0.0"
      "acorn-walk" "^7.0.0"
      "xtend" "^4.0.2"
  
  "acorn-walk@^7.0.0":
    "version" "7.2.0"
  
  "acorn@^7.0.0":
    "version" "7.4.1"
  
  "ansi-styles@^3.2.1":
    "integrity" "sha512-VT0ZI6kZRdTh8YyJw3SMbYm/u+NqfsAxEpWO0Pf9sq8/e94WxxOpPKx9FR1FlyCtOVDNOQ+8ntlqFxiRc+r5qA=="
    "resolved" "https://registry.npmjs.org/ansi-styles/-/ansi-styles-3.2.1.tgz"
    "version" "3.2.1"
    dependencies:
      "color-convert" "^1.9.0"
  
  "ansi-styles@^4.1.0":
    "version" "4.3.0"
    dependencies:
      "color-convert" "^2.0.1"
  
  "antd@^4.16.13":
    "integrity" "sha512-EMPD3fzKe7oayx9keD/GA1oKatcx7j5CGlkJj5eLS0/eEDDEkxVj3DFmKOPuHYt4BK7ltTzMFS+quSTmqUXPiw=="
    "resolved" "https://registry.npmjs.org/antd/-/antd-4.16.13.tgz"
    "version" "4.16.13"
    dependencies:
      "@ant-design/colors" "^6.0.0"
      "@ant-design/icons" "^4.6.3"
      "@ant-design/react-slick" "~0.28.1"
      "@babel/runtime" "^7.12.5"
      "array-tree-filter" "^2.1.0"
      "classnames" "^2.2.6"
      "copy-to-clipboard" "^3.2.0"
      "lodash" "^4.17.21"
      "moment" "^2.25.3"
      "rc-cascader" "~1.4.0"
      "rc-checkbox" "~2.3.0"
      "rc-collapse" "~3.1.0"
      "rc-dialog" "~8.6.0"
      "rc-drawer" "~4.3.0"
      "rc-dropdown" "~3.2.0"
      "rc-field-form" "~1.20.0"
      "rc-image" "~5.2.5"
      "rc-input-number" "~7.1.0"
      "rc-mentions" "~1.6.1"
      "rc-menu" "~9.0.12"
      "rc-motion" "^2.4.0"
      "rc-notification" "~4.5.7"
      "rc-pagination" "~3.1.9"
      "rc-picker" "~2.5.10"
      "rc-progress" "~3.1.0"
      "rc-rate" "~2.9.0"
      "rc-resize-observer" "^1.0.0"
      "rc-select" "~12.1.6"
      "rc-slider" "~9.7.1"
      "rc-steps" "~4.1.0"
      "rc-switch" "~3.2.0"
      "rc-table" "~7.15.1"
      "rc-tabs" "~11.10.0"
      "rc-textarea" "~0.3.0"
      "rc-tooltip" "~5.1.1"
      "rc-tree" "~4.2.1"
      "rc-tree-select" "~4.3.0"
      "rc-trigger" "^5.2.10"
      "rc-upload" "~4.3.0"
      "rc-util" "^5.13.1"
      "scroll-into-view-if-needed" "^2.2.25"
  
  "anymatch@~3.1.2":
    "version" "3.1.2"
    dependencies:
      "normalize-path" "^3.0.0"
      "picomatch" "^2.0.4"
  
  "arg@^5.0.1":
    "version" "5.0.1"
  
  "array-tree-filter@^2.1.0":
    "integrity" "sha512-4ROwICNlNw/Hqa9v+rk5h22KjmzB1JGTMVKP2AKJBOCgb0yL0ASf0+YvCcLNNwquOHNX48jkeZIJ3a+oOQqKcw=="
    "resolved" "https://registry.npmjs.org/array-tree-filter/-/array-tree-filter-2.1.0.tgz"
    "version" "2.1.0"
  
  "async-validator@^3.0.3":
    "integrity" "sha512-8eLCg00W9pIRZSB781UUX/H6Oskmm8xloZfr09lz5bikRpBVDlJ3hRVuxxP1SxcwsEYfJ4IU8Q19Y8/893r3rQ=="
    "resolved" "https://registry.npmjs.org/async-validator/-/async-validator-3.5.2.tgz"
    "version" "3.5.2"
  
  "autoprefixer@^10.0.2", "autoprefixer@^10.3.4":
    "version" "10.3.4"
    dependencies:
      "browserslist" "^4.16.8"
      "caniuse-lite" "^1.0.30001252"
      "colorette" "^1.3.0"
      "fraction.js" "^4.1.1"
      "normalize-range" "^0.1.2"
      "postcss-value-parser" "^4.1.0"
  
  "balanced-match@^1.0.0":
    "version" "1.0.2"
  
  "binary-extensions@^2.0.0":
    "version" "2.2.0"
  
  "brace-expansion@^1.1.7":
    "version" "1.1.11"
    dependencies:
      "balanced-match" "^1.0.0"
      "concat-map" "0.0.1"
  
  "braces@^3.0.1", "braces@~3.0.2":
    "version" "3.0.2"
    dependencies:
      "fill-range" "^7.0.1"
  
  "browserslist@^4.16.6", "browserslist@^4.16.8":
    "integrity" "sha512-g2BJ2a0nEYvEFQC208q8mVAhfNwpZ5Mu8BwgtCdZKO3qx98HChmeg448fPdUzld8aFmfLgVh7yymqV+q1lJZ5g=="
    "resolved" "https://registry.npmjs.org/browserslist/-/browserslist-4.17.0.tgz"
    "version" "4.17.0"
    dependencies:
      "caniuse-lite" "^1.0.30001254"
      "colorette" "^1.3.0"
      "electron-to-chromium" "^1.3.830"
      "escalade" "^3.1.1"
      "node-releases" "^1.1.75"
  
  "bytes@^3.0.0":
    "version" "3.1.0"
  
  "callsites@^3.0.0":
    "version" "3.1.0"
  
  "camelcase-css@^2.0.1":
    "version" "2.0.1"
  
  "caniuse-lite@^1.0.30001252", "caniuse-lite@^1.0.30001254":
    "integrity" "sha512-RBByOG6xWXUp0CR2/WU2amXz3stjKpSl5J1xU49F1n2OxD//uBZO4wCKUiG+QMGf7CHGfDDcqoKriomoGVxTeA=="
    "resolved" "https://registry.npmjs.org/caniuse-lite/-/caniuse-lite-1.0.30001258.tgz"
    "version" "1.0.30001258"
  
  "chalk@^2.0.0":
    "integrity" "sha512-Mti+f9lpJNcwF4tWV8/OrTTtF1gZi+f8FqlyAdouralcFWFQWF2+NgCHShjkCb+IFBLq9buZwE1xckQU4peSuQ=="
    "resolved" "https://registry.npmjs.org/chalk/-/chalk-2.4.2.tgz"
    "version" "2.4.2"
    dependencies:
      "ansi-styles" "^3.2.1"
      "escape-string-regexp" "^1.0.5"
      "supports-color" "^5.3.0"
  
  "chalk@^4.1.2":
    "version" "4.1.2"
    dependencies:
      "ansi-styles" "^4.1.0"
      "supports-color" "^7.1.0"
  
  "chokidar@^3.5.2":
    "version" "3.5.2"
    dependencies:
      "anymatch" "~3.1.2"
      "braces" "~3.0.2"
      "glob-parent" "~5.1.2"
      "is-binary-path" "~2.1.0"
      "is-glob" "~4.0.1"
      "normalize-path" "~3.0.0"
      "readdirp" "~3.6.0"
    optionalDependencies:
      "fsevents" "~2.3.2"
  
  "classnames@^2.2.1", "classnames@^2.2.3", "classnames@^2.2.5", "classnames@^2.2.6", "classnames@2.x":
    "integrity" "sha512-OlQdbZ7gLfGarSqxesMesDa5uz7KFbID8Kpq/SxIoNGDqY8lSYs0D+hhtBXhcdB3rcbXArFr7vlHheLk1voeNA=="
    "resolved" "https://registry.npmjs.org/classnames/-/classnames-2.3.1.tgz"
    "version" "2.3.1"
  
  "color-convert@^1.9.0":
    "integrity" "sha512-QfAUtd+vFdAtFQcC8CCyYt1fYWxSqAiK2cSD6zDB8N3cpsEBAvRxp9zOGg6G/SHHJYAT88/az/IuDGALsNVbGg=="
    "resolved" "https://registry.npmjs.org/color-convert/-/color-convert-1.9.3.tgz"
    "version" "1.9.3"
    dependencies:
      "color-name" "1.1.3"
  
  "color-convert@^2.0.1":
    "version" "2.0.1"
    dependencies:
      "color-name" "~1.1.4"
  
  "color-name@^1.0.0", "color-name@~1.1.4":
    "version" "1.1.4"
  
  "color-name@1.1.3":
    "integrity" "sha1-p9BVi9icQveV3UIyj3QIMcpTvCU="
    "resolved" "https://registry.npmjs.org/color-name/-/color-name-1.1.3.tgz"
    "version" "1.1.3"
  
  "color-string@^1.6.0":
    "version" "1.6.0"
    dependencies:
      "color-name" "^1.0.0"
      "simple-swizzle" "^0.2.2"
  
  "color@^4.0.1":
    "version" "4.0.1"
    dependencies:
      "color-convert" "^2.0.1"
      "color-string" "^1.6.0"
  
  "colorette@^1.2.2", "colorette@^1.3.0":
    "integrity" "sha512-Y2oEozpomLn7Q3HFP7dpww7AtMJplbM9lGZP6RDfHqmbeRjiwRg4n6VM6j4KLmRke85uWEI7JqF17f3pqdRA0g=="
    "resolved" "https://registry.npmjs.org/colorette/-/colorette-1.4.0.tgz"
    "version" "1.4.0"
  
  "commander@^6.0.0":
    "version" "6.2.1"
  
  "compute-scroll-into-view@^1.0.17":
    "integrity" "sha512-j4dx+Fb0URmzbwwMUrhqWM2BEWHdFGx+qZ9qqASHRPqvTYdqvWnHg0H1hIbcyLnvgnoNAVMlwkepyqM3DaIFUg=="
    "resolved" "https://registry.npmjs.org/compute-scroll-into-view/-/compute-scroll-into-view-1.0.17.tgz"
    "version" "1.0.17"
  
  "concat-map@0.0.1":
    "version" "0.0.1"
  
  "convert-source-map@^1.7.0":
    "integrity" "sha512-+OQdjP49zViI/6i7nIJpA8rAl4sV/JdPfU9nZs3VqOwGIgizICvuN2ru6fMd+4llL0tar18UYJXfZ/TWtmhUjA=="
    "resolved" "https://registry.npmjs.org/convert-source-map/-/convert-source-map-1.8.0.tgz"
    "version" "1.8.0"
    dependencies:
      "safe-buffer" "~5.1.1"
  
  "copy-to-clipboard@^3.2.0":
    "integrity" "sha512-i13qo6kIHTTpCm8/Wup+0b1mVWETvu2kIMzKoK8FpkLkFxlt0znUAHcMzox+T8sPlqtZXq3CulEjQHsYiGFJUw=="
    "resolved" "https://registry.npmjs.org/copy-to-clipboard/-/copy-to-clipboard-3.3.1.tgz"
    "version" "3.3.1"
    dependencies:
      "toggle-selection" "^1.0.6"
  
  "cosmiconfig@^7.0.1":
    "version" "7.0.1"
    dependencies:
      "@types/parse-json" "^4.0.0"
      "import-fresh" "^3.2.1"
      "parse-json" "^5.0.0"
      "path-type" "^4.0.0"
      "yaml" "^1.10.0"
  
  "css-color-names@^0.0.4":
    "version" "0.0.4"
  
  "css-unit-converter@^1.1.1":
    "version" "1.1.2"
  
  "cssesc@^3.0.0":
    "version" "3.0.0"
  
  "date-fns@2.x":
    "integrity" "sha512-6ujwvwgPID6zbI0o7UbURi2vlLDR9uP26+tW6Lg+Ji3w7dd0i3DOcjcClLjLPranT60SSEFBwdSyYwn/ZkPIuw=="
    "resolved" "https://registry.npmjs.org/date-fns/-/date-fns-2.24.0.tgz"
    "version" "2.24.0"
  
  "dayjs@1.x":
    "integrity" "sha512-P6twpd70BcPK34K26uJ1KT3wlhpuOAPoMwJzpsIWUxHZ7wpmbdZL/hQqBDfz7hGurYSa5PhzdhDHtt319hL3ig=="
    "resolved" "https://registry.npmjs.org/dayjs/-/dayjs-1.10.7.tgz"
    "version" "1.10.7"
  
  "debug@^4.1.0":
    "integrity" "sha512-mOp8wKcvj7XxC78zLgw/ZA+6TSgkoE2C/ienthhRD298T7UNwAg9diBpLRxC0mOezLl4B0xV7M0cCO6P/O0Xhw=="
    "resolved" "https://registry.npmjs.org/debug/-/debug-4.3.2.tgz"
    "version" "4.3.2"
    dependencies:
      "ms" "2.1.2"
  
  "defined@^1.0.0":
    "version" "1.0.0"
  
  "detective@^5.2.0":
    "version" "5.2.0"
    dependencies:
      "acorn-node" "^1.6.1"
      "defined" "^1.0.0"
      "minimist" "^1.1.1"
  
  "didyoumean@^1.2.2":
    "version" "1.2.2"
  
  "dlv@^1.1.3":
    "version" "1.1.3"
  
  "dom-align@^1.7.0":
    "integrity" "sha512-pHuazgqrsTFrGU2WLDdXxCFabkdQDx72ddkraZNih1KsMcN5qsRSTR9O4VJRlwTPCPb5COYg3LOfiMHHcPInHg=="
    "resolved" "https://registry.npmjs.org/dom-align/-/dom-align-1.12.2.tgz"
    "version" "1.12.2"
  
  "electron-to-chromium@^1.3.830":
    "integrity" "sha512-OWEwAbzaVd1Lk9MohVw8LxMXFlnYd9oYTYxfX8KS++kLLjDfbovLOcEEXwRhG612dqGQ6+44SZvim0GXuBRiKg=="
    "resolved" "https://registry.npmjs.org/electron-to-chromium/-/electron-to-chromium-1.3.843.tgz"
    "version" "1.3.843"
  
  "error-ex@^1.3.1":
    "version" "1.3.2"
    dependencies:
      "is-arrayish" "^0.2.1"
  
  "esbuild@^0.12.17":
    "integrity" "sha512-pZ0FrWZXlvQOATlp14lRSk1N9GkeJ3vLIwOcUoo3ICQn9WNR4rWoNi81pbn6sC1iYUy7QPqNzI3+AEzokwyVcA=="
    "resolved" "https://registry.npmjs.org/esbuild/-/esbuild-0.12.28.tgz"
    "version" "0.12.28"
  
  "escalade@^3.1.1":
    "integrity" "sha512-k0er2gUkLf8O0zKJiAhmkTnJlTvINGv7ygDNPbeIsX/TJjGJZHuh9B2UxbsaEkmlEo9MfhrSzmhIlhRlI2GXnw=="
    "resolved" "https://registry.npmjs.org/escalade/-/escalade-3.1.1.tgz"
    "version" "3.1.1"
  
  "escape-string-regexp@^1.0.5":
    "integrity" "sha1-G2HAViGQqN/2rjuyzwIAyhMLhtQ="
    "resolved" "https://registry.npmjs.org/escape-string-regexp/-/escape-string-regexp-1.0.5.tgz"
    "version" "1.0.5"
  
  "estree-walker@^2.0.1":
    "integrity" "sha512-Rfkk/Mp/DL7JVje3u18FxFujQlTNR2q6QfMSMB7AvCBx91NGj/ba3kCfza0f6dVDbw7YlRf/nDrn7pQrCCyQ/w=="
    "resolved" "https://registry.npmjs.org/estree-walker/-/estree-walker-2.0.2.tgz"
    "version" "2.0.2"
  
  "fast-glob@^3.2.7":
    "version" "3.2.7"
    dependencies:
      "@nodelib/fs.stat" "^2.0.2"
      "@nodelib/fs.walk" "^1.2.3"
      "glob-parent" "^5.1.2"
      "merge2" "^1.3.0"
      "micromatch" "^4.0.4"
  
  "fastq@^1.6.0":
    "version" "1.13.0"
    dependencies:
      "reusify" "^1.0.4"
  
  "fill-range@^7.0.1":
    "version" "7.0.1"
    dependencies:
      "to-regex-range" "^5.0.1"
  
  "fraction.js@^4.1.1":
    "version" "4.1.1"
  
  "fs-extra@^10.0.0":
    "version" "10.0.0"
    dependencies:
      "graceful-fs" "^4.2.0"
      "jsonfile" "^6.0.1"
      "universalify" "^2.0.0"
  
  "fs.realpath@^1.0.0":
    "version" "1.0.0"
  
  "function-bind@^1.1.1":
    "integrity" "sha512-yIovAzMX49sF8Yl58fSCWJ5svSLuaibPxXQJFLmBObTuCr0Mf1KiPopGM9NiFjiYBCbfaa2Fh6breQ6ANVTI0A=="
    "resolved" "https://registry.npmjs.org/function-bind/-/function-bind-1.1.1.tgz"
    "version" "1.1.1"
  
  "gensync@^1.0.0-beta.2":
    "integrity" "sha512-3hN7NaskYvMDLQY55gnW3NQ+mesEAepTqlg+VEbj7zzqEMBVNhzcGYYeqFo/TlYz6eQiFcp1HcsCZO+nGgS8zg=="
    "resolved" "https://registry.npmjs.org/gensync/-/gensync-1.0.0-beta.2.tgz"
    "version" "1.0.0-beta.2"
  
  "glob-parent@^5.1.2", "glob-parent@~5.1.2":
    "version" "5.1.2"
    dependencies:
      "is-glob" "^4.0.1"
  
  "glob-parent@^6.0.1":
    "version" "6.0.1"
    dependencies:
      "is-glob" "^4.0.1"
  
  "glob@^7.0.0", "glob@^7.1.3":
    "version" "7.1.7"
    dependencies:
      "fs.realpath" "^1.0.0"
      "inflight" "^1.0.4"
      "inherits" "2"
      "minimatch" "^3.0.4"
      "once" "^1.3.0"
      "path-is-absolute" "^1.0.0"
  
  "globals@^11.1.0":
    "integrity" "sha512-WOBp/EEGUiIsJSp7wcv/y6MO+lV9UoncWqxuFfm8eBwzWNgyfBd6Gz+IeKQ9jCmyhoH99g15M3T+QaVHFjizVA=="
    "resolved" "https://registry.npmjs.org/globals/-/globals-11.12.0.tgz"
    "version" "11.12.0"
  
  "graceful-fs@^4.1.6", "graceful-fs@^4.2.0":
    "version" "4.2.8"
  
  "has-flag@^3.0.0":
    "integrity" "sha1-tdRU3CGZriJWmfNGfloH87lVuv0="
    "resolved" "https://registry.npmjs.org/has-flag/-/has-flag-3.0.0.tgz"
    "version" "3.0.0"
  
  "has-flag@^4.0.0":
    "version" "4.0.0"
  
  "has@^1.0.3":
    "integrity" "sha512-f2dvO0VU6Oej7RkWJGrehjbzMAjFp5/VKPp5tTpWIV4JHHZK1/BxbFRtf/siA2SWTe09caDmVtYYzWEIbBS4zw=="
    "resolved" "https://registry.npmjs.org/has/-/has-1.0.3.tgz"
    "version" "1.0.3"
    dependencies:
      "function-bind" "^1.1.1"
  
  "hex-color-regex@^1.1.0":
    "version" "1.1.0"
  
  "history@^4.9.0":
    "integrity" "sha512-36nwAD620w12kuzPAsyINPWJqlNbij+hpK1k9XRloDtym8mxzGYl2c17LnV6IAGB2Dmg4tEa7G7DlawS0+qjew=="
    "resolved" "https://registry.npmjs.org/history/-/history-4.10.1.tgz"
    "version" "4.10.1"
    dependencies:
      "@babel/runtime" "^7.1.2"
      "loose-envify" "^1.2.0"
      "resolve-pathname" "^3.0.0"
      "tiny-invariant" "^1.0.2"
      "tiny-warning" "^1.0.0"
      "value-equal" "^1.0.1"
  
  "hoist-non-react-statics@^3.1.0":
    "integrity" "sha512-/gGivxi8JPKWNm/W0jSmzcMPpfpPLc3dY/6GxhX2hQ9iGj3aDfklV4ET7NjKpSinLpJ5vafa9iiGIEZg10SfBw=="
    "resolved" "https://registry.npmjs.org/hoist-non-react-statics/-/hoist-non-react-statics-3.3.2.tgz"
    "version" "3.3.2"
    dependencies:
      "react-is" "^16.7.0"
  
  "hsl-regex@^1.0.0":
    "version" "1.0.0"
  
  "hsla-regex@^1.0.0":
    "version" "1.0.0"
  
  "html-tags@^3.1.0":
    "version" "3.1.0"
  
  "import-cwd@^3.0.0":
    "version" "3.0.0"
    dependencies:
      "import-from" "^3.0.0"
  
  "import-fresh@^3.2.1":
    "version" "3.3.0"
    dependencies:
      "parent-module" "^1.0.0"
      "resolve-from" "^4.0.0"
  
  "import-from@^3.0.0":
    "version" "3.0.0"
    dependencies:
      "resolve-from" "^5.0.0"
  
  "inflight@^1.0.4":
    "version" "1.0.6"
    dependencies:
      "once" "^1.3.0"
      "wrappy" "1"
  
  "inherits@2":
    "version" "2.0.4"
  
  "is-arrayish@^0.2.1":
    "version" "0.2.1"
  
  "is-arrayish@^0.3.1":
    "version" "0.3.2"
  
  "is-binary-path@~2.1.0":
    "version" "2.1.0"
    dependencies:
      "binary-extensions" "^2.0.0"
  
  "is-color-stop@^1.1.0":
    "version" "1.1.0"
    dependencies:
      "css-color-names" "^0.0.4"
      "hex-color-regex" "^1.1.0"
      "hsl-regex" "^1.0.0"
      "hsla-regex" "^1.0.0"
      "rgb-regex" "^1.0.1"
      "rgba-regex" "^1.0.0"
  
  "is-core-module@^2.2.0":
    "integrity" "sha512-wShG8vs60jKfPWpF2KZRaAtvt3a20OAn7+IJ6hLPECpSABLcKtFKTTI4ZtH5QcBruBHlq+WsdHWyz0BCZW7svQ=="
    "resolved" "https://registry.npmjs.org/is-core-module/-/is-core-module-2.6.0.tgz"
    "version" "2.6.0"
    dependencies:
      "has" "^1.0.3"
  
  "is-extglob@^2.1.1":
    "version" "2.1.1"
  
  "is-glob@^4.0.1", "is-glob@~4.0.1":
    "version" "4.0.1"
    dependencies:
      "is-extglob" "^2.1.1"
  
  "is-number@^7.0.0":
    "version" "7.0.0"
  
  "isarray@0.0.1":
    "integrity" "sha1-ihis/Kmo9Bd+Cav8YDiTmwXR7t8="
    "resolved" "https://registry.npmjs.org/isarray/-/isarray-0.0.1.tgz"
    "version" "0.0.1"
  
  "js-tokens@^3.0.0 || ^4.0.0", "js-tokens@^4.0.0":
    "integrity" "sha512-RdJUflcE3cUzKiMqQgsCu06FPu9UdIJO0beYbPhHN4k6apgJtifcoCtT9bcxOpYBtpD2kCM6Sbzg4CausW/PKQ=="
    "resolved" "https://registry.npmjs.org/js-tokens/-/js-tokens-4.0.0.tgz"
    "version" "4.0.0"
  
  "jsesc@^2.5.1":
    "integrity" "sha512-OYu7XEzjkCQ3C5Ps3QIZsQfNpqoJyZZA99wd9aWd05NCtC5pWOkShK2mkL6HXQR6/Cy2lbNdPlZBpuQHXE63gA=="
    "resolved" "https://registry.npmjs.org/jsesc/-/jsesc-2.5.2.tgz"
    "version" "2.5.2"
  
  "json-parse-even-better-errors@^2.3.0":
    "version" "2.3.1"
  
  "json2mq@^0.2.0":
    "integrity" "sha1-tje9O6nqvhIsg+lyBIOusQ0skEo="
    "resolved" "https://registry.npmjs.org/json2mq/-/json2mq-0.2.0.tgz"
    "version" "0.2.0"
    dependencies:
      "string-convert" "^0.2.0"
  
  "json5@^2.1.2":
    "integrity" "sha512-f+8cldu7X/y7RAJurMEJmdoKXGB/X550w2Nr3tTbezL6RwEE/iMcm+tZnXeoZtKuOq6ft8+CqzEkrIgx1fPoQA=="
    "resolved" "https://registry.npmjs.org/json5/-/json5-2.2.0.tgz"
    "version" "2.2.0"
    dependencies:
      "minimist" "^1.2.5"
  
  "jsonfile@^6.0.1":
    "version" "6.1.0"
    dependencies:
      "universalify" "^2.0.0"
    optionalDependencies:
      "graceful-fs" "^4.1.6"
  
  "lilconfig@^2.0.3":
    "version" "2.0.3"
  
  "lines-and-columns@^1.1.6":
    "version" "1.1.6"
  
  "lodash.topath@^4.5.2":
    "version" "4.5.2"
  
  "lodash@^4.17.21":
    "integrity" "sha512-v2kDEe57lecTulaDIuNTPy3Ry4gLGJ6Z1O3vE1krgXZNrsQ+LFTGHVxVjcXPs17LhbZVGedAJv8XZ1tvj5FvSg=="
    "resolved" "https://registry.npmjs.org/lodash/-/lodash-4.17.21.tgz"
    "version" "4.17.21"
  
  "loose-envify@^1.0.0", "loose-envify@^1.1.0", "loose-envify@^1.2.0", "loose-envify@^1.3.1", "loose-envify@^1.4.0":
    "integrity" "sha512-lyuxPGr/Wfhrlem2CL/UcnUc1zcqKAImBDzukY7Y5F/yQiNdko6+fRLevlw1HgMySw7f611UIY408EtxRSoK3Q=="
    "resolved" "https://registry.npmjs.org/loose-envify/-/loose-envify-1.4.0.tgz"
    "version" "1.4.0"
    dependencies:
      "js-tokens" "^3.0.0 || ^4.0.0"
  
  "merge2@^1.3.0":
    "version" "1.4.1"
  
  "micromatch@^4.0.4":
    "version" "4.0.4"
    dependencies:
      "braces" "^3.0.1"
      "picomatch" "^2.2.3"
  
  "mini-create-react-context@^0.4.0":
    "integrity" "sha512-YWCYEmd5CQeHGSAKrYvXgmzzkrvssZcuuQDDeqkT+PziKGMgE+0MCCtcKbROzocGBG1meBLl2FotlRwf4gAzbQ=="
    "resolved" "https://registry.npmjs.org/mini-create-react-context/-/mini-create-react-context-0.4.1.tgz"
    "version" "0.4.1"
    dependencies:
      "@babel/runtime" "^7.12.1"
      "tiny-warning" "^1.0.3"
  
  "minimatch@^3.0.4":
    "version" "3.0.4"
    dependencies:
      "brace-expansion" "^1.1.7"
  
  "minimist@^1.1.1", "minimist@^1.2.5":
    "integrity" "sha512-FM9nNUYrRBAELZQT3xeZQ7fmMOBg6nWNmJKTcgsJeaLstP/UODVpGsr5OhXhhXg6f+qtJ8uiZ+PUxkDWcgIXLw=="
    "resolved" "https://registry.npmjs.org/minimist/-/minimist-1.2.5.tgz"
    "version" "1.2.5"
  
  "modern-normalize@^1.1.0":
    "version" "1.1.0"
  
  "moment@^2.24.0", "moment@^2.25.3":
    "integrity" "sha512-kHmoybcPV8Sqy59DwNDY3Jefr64lK/by/da0ViFcuA4DH0vQg5Q6Ze5VimxkfQNSC+Mls/Kx53s7TjP1RhFEDQ=="
    "resolved" "https://registry.npmjs.org/moment/-/moment-2.29.1.tgz"
    "version" "2.29.1"
  
  "ms@2.1.2":
    "integrity" "sha512-sGkPx+VjMtmA6MX27oA4FBFELFCZZ4S4XqeGOXCv68tT+jb3vk/RyaKWP0PTKyWtmLSM0b+adUTEvbs1PEaH2w=="
    "resolved" "https://registry.npmjs.org/ms/-/ms-2.1.2.tgz"
    "version" "2.1.2"
  
  "nanoid@^3.1.23":
    "integrity" "sha512-rdwtIXaXCLFAQbnfqDRnI6jaRHp9fTcYBjtFKE8eezcZ7LuLjhUaQGNeMXf1HmRoCH32CLz6XwX0TtxEOS/A3Q=="
    "resolved" "https://registry.npmjs.org/nanoid/-/nanoid-3.1.25.tgz"
    "version" "3.1.25"
  
  "node-emoji@^1.11.0":
    "version" "1.11.0"
    dependencies:
      "lodash" "^4.17.21"
  
  "node-releases@^1.1.75":
    "integrity" "sha512-9/IECtNr8dXNmPWmFXepT0/7o5eolGesHUa3mtr0KlgnCvnZxwh2qensKL42JJY2vQKC3nIBXetFAqR+PW1CmA=="
    "resolved" "https://registry.npmjs.org/node-releases/-/node-releases-1.1.76.tgz"
    "version" "1.1.76"
  
  "normalize-path@^3.0.0", "normalize-path@~3.0.0":
    "version" "3.0.0"
  
  "normalize-range@^0.1.2":
    "version" "0.1.2"
  
  "object-assign@^4.1.1":
    "integrity" "sha1-IQmtx5ZYh8/AXLvUQsrIv7s2CGM="
    "resolved" "https://registry.npmjs.org/object-assign/-/object-assign-4.1.1.tgz"
    "version" "4.1.1"
  
  "object-hash@^2.2.0":
    "version" "2.2.0"
  
  "once@^1.3.0":
    "version" "1.4.0"
    dependencies:
      "wrappy" "1"
  
  "parent-module@^1.0.0":
    "version" "1.0.1"
    dependencies:
      "callsites" "^3.0.0"
  
  "parse-json@^5.0.0":
    "version" "5.2.0"
    dependencies:
      "@babel/code-frame" "^7.0.0"
      "error-ex" "^1.3.1"
      "json-parse-even-better-errors" "^2.3.0"
      "lines-and-columns" "^1.1.6"
  
  "path-is-absolute@^1.0.0":
    "version" "1.0.1"
  
  "path-parse@^1.0.6":
    "integrity" "sha512-LDJzPVEEEPR+y48z93A0Ed0yXb8pAByGWo/k5YYdYgpY2/2EsOsksJrq7lOHxryrVOn1ejG6oAp8ahvOIQD8sw=="
    "resolved" "https://registry.npmjs.org/path-parse/-/path-parse-1.0.7.tgz"
    "version" "1.0.7"
  
  "path-to-regexp@^1.7.0":
    "integrity" "sha512-n43JRhlUKUAlibEJhPeir1ncUID16QnEjNpwzNdO3Lm4ywrBpBZ5oLD0I6br9evr1Y9JTqwRtAh7JLoOzAQdVA=="
    "resolved" "https://registry.npmjs.org/path-to-regexp/-/path-to-regexp-1.8.0.tgz"
    "version" "1.8.0"
    dependencies:
      "isarray" "0.0.1"
  
  "path-type@^4.0.0":
    "version" "4.0.0"
  
  "picomatch@^2.0.4", "picomatch@^2.2.1", "picomatch@^2.2.2", "picomatch@^2.2.3":
    "integrity" "sha512-lY1Q/PiJGC2zOv/z391WOTD+Z02bCgsFfvxoXXf6h7kv9o+WmsmzYqrAwY63sNgOxE4xEdq0WyUnXfKeBrSvYw=="
    "resolved" "https://registry.npmjs.org/picomatch/-/picomatch-2.3.0.tgz"
    "version" "2.3.0"
  
  "postcss-js@^3.0.3":
    "version" "3.0.3"
    dependencies:
      "camelcase-css" "^2.0.1"
      "postcss" "^8.1.6"
  
  "postcss-load-config@^3.1.0":
    "version" "3.1.0"
    dependencies:
      "import-cwd" "^3.0.0"
      "lilconfig" "^2.0.3"
      "yaml" "^1.10.2"
  
  "postcss-nested@5.0.6":
    "version" "5.0.6"
    dependencies:
      "postcss-selector-parser" "^6.0.6"
  
  "postcss-selector-parser@^6.0.2", "postcss-selector-parser@^6.0.6":
    "version" "6.0.6"
    dependencies:
      "cssesc" "^3.0.0"
      "util-deprecate" "^1.0.2"
  
  "postcss-value-parser@^3.3.0":
    "version" "3.3.1"
  
  "postcss-value-parser@^4.1.0":
    "version" "4.1.0"
  
  "postcss@^8.0.9", "postcss@^8.1.0", "postcss@^8.1.6", "postcss@^8.2.1", "postcss@^8.2.14", "postcss@^8.3.6":
    "integrity" "sha512-wG1cc/JhRgdqB6WHEuyLTedf3KIRuD0hG6ldkFEZNCjRxiC+3i6kkWUUbiJQayP28iwG35cEmAbe98585BYV0A=="
    "resolved" "https://registry.npmjs.org/postcss/-/postcss-8.3.6.tgz"
    "version" "8.3.6"
    dependencies:
      "colorette" "^1.2.2"
      "nanoid" "^3.1.23"
      "source-map-js" "^0.6.2"
  
  "pretty-hrtime@^1.0.3":
    "version" "1.0.3"
  
  "prop-types@^15.0.0", "prop-types@^15.6.2":
    "integrity" "sha512-8QQikdH7//R2vurIJSutZ1smHYTcLpRWEOlHnzcWHmBYrOGUysKwSsrC89BCiFj3CbrfJ/nXFdJepOVrY1GCHQ=="
    "resolved" "https://registry.npmjs.org/prop-types/-/prop-types-15.7.2.tgz"
    "version" "15.7.2"
    dependencies:
      "loose-envify" "^1.4.0"
      "object-assign" "^4.1.1"
      "react-is" "^16.8.1"
  
  "purgecss@^4.0.3":
    "version" "4.0.3"
    dependencies:
      "commander" "^6.0.0"
      "glob" "^7.0.0"
      "postcss" "^8.2.1"
      "postcss-selector-parser" "^6.0.2"
  
  "queue-microtask@^1.2.2":
    "version" "1.2.3"
  
  "quick-lru@^5.1.1":
    "version" "5.1.1"
  
  "rc-align@^4.0.0":
    "integrity" "sha512-n9mQfIYQbbNTbefyQnRHZPWuTEwG1rY4a9yKlIWHSTbgwI+XUMGRYd0uJ5pE2UbrNX0WvnMBA1zJ3Lrecpra/A=="
    "resolved" "https://registry.npmjs.org/rc-align/-/rc-align-4.0.11.tgz"
    "version" "4.0.11"
    dependencies:
      "@babel/runtime" "^7.10.1"
      "classnames" "2.x"
      "dom-align" "^1.7.0"
      "lodash" "^4.17.21"
      "rc-util" "^5.3.0"
      "resize-observer-polyfill" "^1.5.1"
  
  "rc-cascader@~1.4.0":
    "integrity" "sha512-Q4l9Mv8aaISJ+giVnM9IaXxDeMqHUGLvi4F+LksS6pHlaKlN4awop/L+IMjIXpL+ug/ojaCyv/ixcVopJYYCVA=="
    "resolved" "https://registry.npmjs.org/rc-cascader/-/rc-cascader-1.4.3.tgz"
    "version" "1.4.3"
    dependencies:
      "@babel/runtime" "^7.12.5"
      "array-tree-filter" "^2.1.0"
      "rc-trigger" "^5.0.4"
      "rc-util" "^5.0.1"
      "warning" "^4.0.1"
  
  "rc-checkbox@~2.3.0":
    "integrity" "sha512-afVi1FYiGv1U0JlpNH/UaEXdh6WUJjcWokj/nUN2TgG80bfG+MDdbfHKlLcNNba94mbjy2/SXJ1HDgrOkXGAjg=="
    "resolved" "https://registry.npmjs.org/rc-checkbox/-/rc-checkbox-2.3.2.tgz"
    "version" "2.3.2"
    dependencies:
      "@babel/runtime" "^7.10.1"
      "classnames" "^2.2.1"
  
  "rc-collapse@~3.1.0":
    "integrity" "sha512-HujcKq7mghk/gVKeI6EjzTbb8e19XUZpakrYazu1MblEZ3Hu3WBMSN4A3QmvbF6n1g7x6lUlZvsHZ5shABWYOQ=="
    "resolved" "https://registry.npmjs.org/rc-collapse/-/rc-collapse-3.1.2.tgz"
    "version" "3.1.2"
    dependencies:
      "@babel/runtime" "^7.10.1"
      "classnames" "2.x"
      "rc-motion" "^2.3.4"
      "rc-util" "^5.2.1"
      "shallowequal" "^1.1.0"
  
  "rc-dialog@~8.6.0":
    "integrity" "sha512-GSbkfqjqxpZC5/zc+8H332+q5l/DKUhpQr0vdX2uDsxo5K0PhvaMEVjyoJUTkZ3+JstEADQji1PVLVb/2bJeOQ=="
    "resolved" "https://registry.npmjs.org/rc-dialog/-/rc-dialog-8.6.0.tgz"
    "version" "8.6.0"
    dependencies:
      "@babel/runtime" "^7.10.1"
      "classnames" "^2.2.6"
      "rc-motion" "^2.3.0"
      "rc-util" "^5.6.1"
  
  "rc-drawer@~4.3.0":
    "integrity" "sha512-GMfFy4maqxS9faYXEhQ+0cA1xtkddEQzraf6SAdzWbn444DrrLogwYPk1NXSpdXjLCLxgxOj9MYtyYG42JsfXg=="
    "resolved" "https://registry.npmjs.org/rc-drawer/-/rc-drawer-4.3.1.tgz"
    "version" "4.3.1"
    dependencies:
      "@babel/runtime" "^7.10.1"
      "classnames" "^2.2.6"
      "rc-util" "^5.7.0"
  
  "rc-dropdown@^3.2.0", "rc-dropdown@~3.2.0":
    "integrity" "sha512-j1HSw+/QqlhxyTEF6BArVZnTmezw2LnSmRk6I9W7BCqNCKaRwleRmMMs1PHbuaG8dKHVqP6e21RQ7vPBLVnnNw=="
    "resolved" "https://registry.npmjs.org/rc-dropdown/-/rc-dropdown-3.2.0.tgz"
    "version" "3.2.0"
    dependencies:
      "@babel/runtime" "^7.10.1"
      "classnames" "^2.2.6"
      "rc-trigger" "^5.0.4"
  
  "rc-field-form@~1.20.0":
    "integrity" "sha512-f64KEZop7zSlrG4ef/PLlH12SLn6iHDQ3sTG+RfKBM45hikwV1i8qMf53xoX12NvXXWg1VwchggX/FSso4bWaA=="
    "resolved" "https://registry.npmjs.org/rc-field-form/-/rc-field-form-1.20.1.tgz"
    "version" "1.20.1"
    dependencies:
      "@babel/runtime" "^7.8.4"
      "async-validator" "^3.0.3"
      "rc-util" "^5.8.0"
  
  "rc-image@~5.2.5":
    "integrity" "sha512-qUfZjYIODxO0c8a8P5GeuclYXZjzW4hV/5hyo27XqSFo1DmTCs2HkVeQObkcIk5kNsJtgsj1KoPThVsSc/PXOw=="
    "resolved" "https://registry.npmjs.org/rc-image/-/rc-image-5.2.5.tgz"
    "version" "5.2.5"
    dependencies:
      "@babel/runtime" "^7.11.2"
      "classnames" "^2.2.6"
      "rc-dialog" "~8.6.0"
      "rc-util" "^5.0.6"
  
  "rc-input-number@~7.1.0":
    "integrity" "sha512-EG4iqkqyqzLRu/Dq+fw2od7nlgvXLEatE+J6uhi3HXE1qlM3C7L6a7o/hL9Ly9nimkES2IeQoj3Qda3I0izj3Q=="
    "resolved" "https://registry.npmjs.org/rc-input-number/-/rc-input-number-7.1.4.tgz"
    "version" "7.1.4"
    dependencies:
      "@babel/runtime" "^7.10.1"
      "classnames" "^2.2.5"
      "rc-util" "^5.9.8"
  
  "rc-mentions@~1.6.1":
    "integrity" "sha512-LDzGI8jJVGnkhpTZxZuYBhMz3avcZZqPGejikchh97xPni/g4ht714Flh7DVvuzHQ+BoKHhIjobHnw1rcP8erg=="
    "resolved" "https://registry.npmjs.org/rc-mentions/-/rc-mentions-1.6.1.tgz"
    "version" "1.6.1"
    dependencies:
      "@babel/runtime" "^7.10.1"
      "classnames" "^2.2.6"
      "rc-menu" "^9.0.0"
      "rc-textarea" "^0.3.0"
      "rc-trigger" "^5.0.4"
      "rc-util" "^5.0.1"
  
  "rc-menu@^9.0.0", "rc-menu@~9.0.12":
    "integrity" "sha512-8uy47DL36iDEwVZdUO/fjhhW5+4j0tYlrCsOzw6iy8MJqKL7/HC2pj7sL/S9ayp2+hk9fYQYB9Tu+UN+N2OOOQ=="
    "resolved" "https://registry.npmjs.org/rc-menu/-/rc-menu-9.0.12.tgz"
    "version" "9.0.12"
    dependencies:
      "@babel/runtime" "^7.10.1"
      "classnames" "2.x"
      "rc-motion" "^2.4.3"
      "rc-overflow" "^1.2.0"
      "rc-trigger" "^5.1.2"
      "rc-util" "^5.12.0"
      "shallowequal" "^1.1.0"
  
  "rc-motion@^2.0.0", "rc-motion@^2.0.1", "rc-motion@^2.2.0", "rc-motion@^2.3.0", "rc-motion@^2.3.4", "rc-motion@^2.4.0", "rc-motion@^2.4.3":
    "integrity" "sha512-ms7n1+/TZQBS0Ydd2Q5P4+wJTSOrhIrwNxLXCZpR7Fa3/oac7Yi803HDALc2hLAKaCTQtw9LmQeB58zcwOsqlQ=="
    "resolved" "https://registry.npmjs.org/rc-motion/-/rc-motion-2.4.4.tgz"
    "version" "2.4.4"
    dependencies:
      "@babel/runtime" "^7.11.1"
      "classnames" "^2.2.1"
      "rc-util" "^5.2.1"
  
  "rc-notification@~4.5.7":
    "integrity" "sha512-zhTGUjBIItbx96SiRu3KVURcLOydLUHZCPpYEn1zvh+re//Tnq/wSxN4FKgp38n4HOgHSVxcLEeSxBMTeBBDdw=="
    "resolved" "https://registry.npmjs.org/rc-notification/-/rc-notification-4.5.7.tgz"
    "version" "4.5.7"
    dependencies:
      "@babel/runtime" "^7.10.1"
      "classnames" "2.x"
      "rc-motion" "^2.2.0"
      "rc-util" "^5.0.1"
  
  "rc-overflow@^1.0.0", "rc-overflow@^1.2.0":
    "integrity" "sha512-X5kj9LDU1ue5wHkqvCprJWLKC+ZLs3p4He/oxjZ1Q4NKaqKBaYf5OdSzRSgh3WH8kSdrfU8LjvlbWnHgJOEkNQ=="
    "resolved" "https://registry.npmjs.org/rc-overflow/-/rc-overflow-1.2.2.tgz"
    "version" "1.2.2"
    dependencies:
      "@babel/runtime" "^7.11.1"
      "classnames" "^2.2.1"
      "rc-resize-observer" "^1.0.0"
      "rc-util" "^5.5.1"
  
  "rc-pagination@~3.1.9":
    "integrity" "sha512-IKBKaJ4icVPeEk9qRHrFBJmHxBUrCp3+nENBYob4Ofqsu3RXjBOy4N36zONO7oubgLyiG3PxVmyAuVlTkoc7Jg=="
    "resolved" "https://registry.npmjs.org/rc-pagination/-/rc-pagination-3.1.9.tgz"
    "version" "3.1.9"
    dependencies:
      "@babel/runtime" "^7.10.1"
      "classnames" "^2.2.1"
  
  "rc-picker@~2.5.10":
    "integrity" "sha512-XyieTl8GOC5TeQFEvYbjx/Mtc0/CjruS7mKFT6Fy65FbGXmoFsWoWvIi+ylFx/BQHPGQi7a7vCNoZJ2TTqcZoA=="
    "resolved" "https://registry.npmjs.org/rc-picker/-/rc-picker-2.5.18.tgz"
    "version" "2.5.18"
    dependencies:
      "@babel/runtime" "^7.10.1"
      "classnames" "^2.2.1"
      "date-fns" "2.x"
      "dayjs" "1.x"
      "moment" "^2.24.0"
      "rc-trigger" "^5.0.4"
      "rc-util" "^5.4.0"
      "shallowequal" "^1.1.0"
  
  "rc-progress@~3.1.0":
    "integrity" "sha512-XBAif08eunHssGeIdxMXOmRQRULdHaDdIFENQ578CMb4dyewahmmfJRyab+hw4KH4XssEzzYOkAInTLS7JJG+Q=="
    "resolved" "https://registry.npmjs.org/rc-progress/-/rc-progress-3.1.4.tgz"
    "version" "3.1.4"
    dependencies:
      "@babel/runtime" "^7.10.1"
      "classnames" "^2.2.6"
  
  "rc-rate@~2.9.0":
    "integrity" "sha512-MmIU7FT8W4LYRRHJD1sgG366qKtSaKb67D0/vVvJYR0lrCuRrCiVQ5qhfT5ghVO4wuVIORGpZs7ZKaYu+KMUzA=="
    "resolved" "https://registry.npmjs.org/rc-rate/-/rc-rate-2.9.1.tgz"
    "version" "2.9.1"
    dependencies:
      "@babel/runtime" "^7.10.1"
      "classnames" "^2.2.5"
      "rc-util" "^5.0.1"
  
  "rc-resize-observer@^1.0.0":
    "integrity" "sha512-OxO2mJI9e8610CAWBFfm52SPvWib0eNKjaSsRbbKHmLaJIxw944P+D61DlLJ/w2vuOjGNcalJu8VdqyNm/XCRg=="
    "resolved" "https://registry.npmjs.org/rc-resize-observer/-/rc-resize-observer-1.0.1.tgz"
    "version" "1.0.1"
    dependencies:
      "@babel/runtime" "^7.10.1"
      "classnames" "^2.2.1"
      "rc-util" "^5.0.0"
      "resize-observer-polyfill" "^1.5.1"
  
  "rc-select@^12.0.0", "rc-select@~12.1.6":
    "integrity" "sha512-cPI+aesP6dgCAaey4t4upDbEukJe+XN0DK6oO/6flcCX5o28o7KNZD7JAiVtC/6fCwqwI/kSs7S/43dvHmBl+A=="
    "resolved" "https://registry.npmjs.org/rc-select/-/rc-select-12.1.13.tgz"
    "version" "12.1.13"
    dependencies:
      "@babel/runtime" "^7.10.1"
      "classnames" "2.x"
      "rc-motion" "^2.0.1"
      "rc-overflow" "^1.0.0"
      "rc-trigger" "^5.0.4"
      "rc-util" "^5.9.8"
      "rc-virtual-list" "^3.2.0"
  
  "rc-slider@~9.7.1":
    "integrity" "sha512-mVaLRpDo6otasBs6yVnG02ykI3K6hIrLTNfT5eyaqduFv95UODI9PDS6fWuVVehVpdS4ENgOSwsTjrPVun+k9g=="
    "resolved" "https://registry.npmjs.org/rc-slider/-/rc-slider-9.7.2.tgz"
    "version" "9.7.2"
    dependencies:
      "@babel/runtime" "^7.10.1"
      "classnames" "^2.2.5"
      "rc-tooltip" "^5.0.1"
      "rc-util" "^5.0.0"
      "shallowequal" "^1.1.0"
  
  "rc-steps@~4.1.0":
    "integrity" "sha512-GXrMfWQOhN3sVze3JnzNboHpQdNHcdFubOETUHyDpa/U3HEKBZC3xJ8XK4paBgF4OJ3bdUVLC+uBPc6dCxvDYA=="
    "resolved" "https://registry.npmjs.org/rc-steps/-/rc-steps-4.1.3.tgz"
    "version" "4.1.3"
    dependencies:
      "@babel/runtime" "^7.10.2"
      "classnames" "^2.2.3"
      "rc-util" "^5.0.1"
  
  "rc-switch@~3.2.0":
    "integrity" "sha512-+gUJClsZZzvAHGy1vZfnwySxj+MjLlGRyXKXScrtCTcmiYNPzxDFOxdQ/3pK1Kt/0POvwJ/6ALOR8gwdXGhs+A=="
    "resolved" "https://registry.npmjs.org/rc-switch/-/rc-switch-3.2.2.tgz"
    "version" "3.2.2"
    dependencies:
      "@babel/runtime" "^7.10.1"
      "classnames" "^2.2.1"
      "rc-util" "^5.0.1"
  
  "rc-table@~7.15.1":
    "integrity" "sha512-TAs7kCpIZwc2mtvD8CMrXSM6TqJDUsy0rUEV1YgRru33T8bjtAtc+9xW/KC1VWROJlHSpU0R0kXjFs9h/6+IzQ=="
    "resolved" "https://registry.npmjs.org/rc-table/-/rc-table-7.15.2.tgz"
    "version" "7.15.2"
    dependencies:
      "@babel/runtime" "^7.10.1"
      "classnames" "^2.2.5"
      "rc-resize-observer" "^1.0.0"
      "rc-util" "^5.13.0"
      "shallowequal" "^1.1.0"
  
  "rc-tabs@~11.10.0":
    "integrity" "sha512-ey1i2uMyfnRNYbViLcUYGH+Y7hueJbdCVSLaXnXki9hxBcGqxJMPy9t5xR0n/3QFQspj7Tf6+2VTXVtmO7Yaug=="
    "resolved" "https://registry.npmjs.org/rc-tabs/-/rc-tabs-11.10.1.tgz"
    "version" "11.10.1"
    dependencies:
      "@babel/runtime" "^7.11.2"
      "classnames" "2.x"
      "rc-dropdown" "^3.2.0"
      "rc-menu" "^9.0.0"
      "rc-resize-observer" "^1.0.0"
      "rc-util" "^5.5.0"
  
  "rc-textarea@^0.3.0", "rc-textarea@~0.3.0":
    "integrity" "sha512-qa+k5vDn9ct65qr+SgD2KwJ9Xz6P84lG2z+TDht/RBr71WnM/K61PqHUAcUyU6YqTJD26IXgjPuuhZR7HMw7eA=="
    "resolved" "https://registry.npmjs.org/rc-textarea/-/rc-textarea-0.3.5.tgz"
    "version" "0.3.5"
    dependencies:
      "@babel/runtime" "^7.10.1"
      "classnames" "^2.2.1"
      "rc-resize-observer" "^1.0.0"
      "rc-util" "^5.7.0"
  
  "rc-tooltip@^5.0.1", "rc-tooltip@~5.1.1":
    "integrity" "sha512-alt8eGMJulio6+4/uDm7nvV+rJq9bsfxFDCI0ljPdbuoygUscbsMYb6EQgwib/uqsXQUvzk+S7A59uYHmEgmDA=="
    "resolved" "https://registry.npmjs.org/rc-tooltip/-/rc-tooltip-5.1.1.tgz"
    "version" "5.1.1"
    dependencies:
      "@babel/runtime" "^7.11.2"
      "rc-trigger" "^5.0.0"
  
  "rc-tree-select@~4.3.0":
    "integrity" "sha512-0tilOHLJA6p+TNg4kD559XnDX3PTEYuoSF7m7ryzFLAYvdEEPtjn0QZc5z6L0sMKBiBlj8a2kf0auw8XyHU3lA=="
    "resolved" "https://registry.npmjs.org/rc-tree-select/-/rc-tree-select-4.3.3.tgz"
    "version" "4.3.3"
    dependencies:
      "@babel/runtime" "^7.10.1"
      "classnames" "2.x"
      "rc-select" "^12.0.0"
      "rc-tree" "^4.0.0"
      "rc-util" "^5.0.5"
  
  "rc-tree@^4.0.0", "rc-tree@~4.2.1":
    "integrity" "sha512-V1hkJt092VrOVjNyfj5IYbZKRMHxWihZarvA5hPL/eqm7o2+0SNkeidFYm7LVVBrAKBpOpa0l8xt04uiqOd+6w=="
    "resolved" "https://registry.npmjs.org/rc-tree/-/rc-tree-4.2.2.tgz"
    "version" "4.2.2"
    dependencies:
      "@babel/runtime" "^7.10.1"
      "classnames" "2.x"
      "rc-motion" "^2.0.1"
      "rc-util" "^5.0.0"
      "rc-virtual-list" "^3.0.1"
  
  "rc-trigger@^5.0.0", "rc-trigger@^5.0.4", "rc-trigger@^5.1.2", "rc-trigger@^5.2.10":
    "integrity" "sha512-FkUf4H9BOFDaIwu42fvRycXMAvkttph9AlbCZXssZDVzz2L+QZ0ERvfB/4nX3ZFPh1Zd+uVGr1DEDeXxq4J1TA=="
    "resolved" "https://registry.npmjs.org/rc-trigger/-/rc-trigger-5.2.10.tgz"
    "version" "5.2.10"
    dependencies:
      "@babel/runtime" "^7.11.2"
      "classnames" "^2.2.6"
      "rc-align" "^4.0.0"
      "rc-motion" "^2.0.0"
      "rc-util" "^5.5.0"
  
  "rc-upload@~4.3.0":
    "integrity" "sha512-W8Iyv0LRyEnFEzpv90ET/i1XG2jlPzPxKkkOVtDfgh9c3f4lZV770vgpUfiyQza+iLtQLVco3qIvgue8aDiOsQ=="
    "resolved" "https://registry.npmjs.org/rc-upload/-/rc-upload-4.3.1.tgz"
    "version" "4.3.1"
    dependencies:
      "@babel/runtime" "^7.10.1"
      "classnames" "^2.2.5"
      "rc-util" "^5.2.0"
  
  "rc-util@^5.0.0", "rc-util@^5.0.1", "rc-util@^5.0.5", "rc-util@^5.0.6", "rc-util@^5.0.7", "rc-util@^5.12.0", "rc-util@^5.13.0", "rc-util@^5.13.1", "rc-util@^5.2.0", "rc-util@^5.2.1", "rc-util@^5.3.0", "rc-util@^5.4.0", "rc-util@^5.5.0", "rc-util@^5.5.1", "rc-util@^5.6.1", "rc-util@^5.7.0", "rc-util@^5.8.0", "rc-util@^5.9.4", "rc-util@^5.9.8":
    "integrity" "sha512-2vy6/Z1BJUcwLjm/UEJb/htjUTQPigITUIemCcFEo1fQevAumc9sA32x2z5qyWoa9uhrXbiAjSDpPIUqyg65sA=="
    "resolved" "https://registry.npmjs.org/rc-util/-/rc-util-5.14.0.tgz"
    "version" "5.14.0"
    dependencies:
      "@babel/runtime" "^7.12.5"
      "react-is" "^16.12.0"
      "shallowequal" "^1.1.0"
  
  "rc-virtual-list@^3.0.1", "rc-virtual-list@^3.2.0":
    "integrity" "sha512-YexJy+Cx8qjnQdV8+0JBeM65VF2kvO9lnsfrIvHsL3lIH1adMZ85HqmePGUzKkKMZC+CRAJc2K4g2iJS1dOjPw=="
    "resolved" "https://registry.npmjs.org/rc-virtual-list/-/rc-virtual-list-3.4.1.tgz"
    "version" "3.4.1"
    dependencies:
      "classnames" "^2.2.6"
      "rc-resize-observer" "^1.0.0"
      "rc-util" "^5.0.7"
  
  "react-dom@*", "react-dom@^17.0.0", "react-dom@>= 16.9.0", "react-dom@>=16.0.0", "react-dom@>=16.9.0":
    "integrity" "sha512-s4h96KtLDUQlsENhMn1ar8t2bEa+q/YAtj8pPPdIjPDGBDIVNsrD9aXNWqspUe6AzKCIG0C1HZZLqLV7qpOBGA=="
    "resolved" "https://registry.npmjs.org/react-dom/-/react-dom-17.0.2.tgz"
    "version" "17.0.2"
    dependencies:
      "loose-envify" "^1.1.0"
      "object-assign" "^4.1.1"
      "scheduler" "^0.20.2"
  
  "react-is@^16.12.0", "react-is@^16.6.0", "react-is@^16.7.0", "react-is@^16.8.1":
    "integrity" "sha512-24e6ynE2H+OKt4kqsOvNd8kBpV65zoxbA4BVsEOB3ARVWQki/DHzaUoC5KuON/BiccDaCCTZBuOcfZs70kR8bQ=="
    "resolved" "https://registry.npmjs.org/react-is/-/react-is-16.13.1.tgz"
    "version" "16.13.1"
  
  "react-refresh@^0.10.0":
    "integrity" "sha512-PgidR3wST3dDYKr6b4pJoqQFpPGNKDSCDx4cZoshjXipw3LzO7mG1My2pwEzz2JVkF+inx3xRpDeQLFQGH/hsQ=="
    "resolved" "https://registry.npmjs.org/react-refresh/-/react-refresh-0.10.0.tgz"
    "version" "0.10.0"
  
  "react-router-dom@^5.3.0":
    "integrity" "sha512-ObVBLjUZsphUUMVycibxgMdh5jJ1e3o+KpAZBVeHcNQZ4W+uUGGWsokurzlF4YOldQYRQL4y6yFRWM4m3svmuQ=="
    "resolved" "https://registry.npmjs.org/react-router-dom/-/react-router-dom-5.3.0.tgz"
    "version" "5.3.0"
    dependencies:
      "@babel/runtime" "^7.12.13"
      "history" "^4.9.0"
      "loose-envify" "^1.3.1"
      "prop-types" "^15.6.2"
      "react-router" "5.2.1"
      "tiny-invariant" "^1.0.2"
      "tiny-warning" "^1.0.0"
  
  "react-router@5.2.1":
    "integrity" "sha512-lIboRiOtDLFdg1VTemMwud9vRVuOCZmUIT/7lUoZiSpPODiiH1UQlfXy+vPLC/7IWdFYnhRwAyNqA/+I7wnvKQ=="
    "resolved" "https://registry.npmjs.org/react-router/-/react-router-5.2.1.tgz"
    "version" "5.2.1"
    dependencies:
      "@babel/runtime" "^7.12.13"
      "history" "^4.9.0"
      "hoist-non-react-statics" "^3.1.0"
      "loose-envify" "^1.3.1"
      "mini-create-react-context" "^0.4.0"
      "path-to-regexp" "^1.7.0"
      "prop-types" "^15.6.2"
      "react-is" "^16.6.0"
      "tiny-invariant" "^1.0.2"
      "tiny-warning" "^1.0.0"
  
  "react@*", "react@^0.14.0 || ^15.0.0 || ^16.0.0 || ^17.0.0", "react@^17.0.0", "react@>= 16.9.0", "react@>=15", "react@>=16.0.0", "react@>=16.9.0", "react@17.0.2":
    "integrity" "sha512-gnhPt75i/dq/z3/6q/0asP78D0u592D5L1pd7M8P+dck6Fu/jJeL6iVVK23fptSUZj8Vjf++7wXA8UNclGQcbA=="
    "resolved" "https://registry.npmjs.org/react/-/react-17.0.2.tgz"
    "version" "17.0.2"
    dependencies:
      "loose-envify" "^1.1.0"
      "object-assign" "^4.1.1"
  
  "readdirp@~3.6.0":
    "version" "3.6.0"
    dependencies:
      "picomatch" "^2.2.1"
  
  "reduce-css-calc@^2.1.8":
    "version" "2.1.8"
    dependencies:
      "css-unit-converter" "^1.1.1"
      "postcss-value-parser" "^3.3.0"
  
  "regenerator-runtime@^0.13.4":
    "integrity" "sha512-p3VT+cOEgxFsRRA9X4lkI1E+k2/CtnKtU4gcxyaCUreilL/vqI6CdZ3wxVUx3UOUg+gnUOQQcRI7BmSI656MYA=="
    "resolved" "https://registry.npmjs.org/regenerator-runtime/-/regenerator-runtime-0.13.9.tgz"
    "version" "0.13.9"
  
  "resize-observer-polyfill@^1.5.0", "resize-observer-polyfill@^1.5.1":
    "integrity" "sha512-LwZrotdHOo12nQuZlHEmtuXdqGoOD0OhaxopaNFxWzInpEgaLWoVuAMbTzixuosCx2nEG58ngzW3vxdWoxIgdg=="
    "resolved" "https://registry.npmjs.org/resize-observer-polyfill/-/resize-observer-polyfill-1.5.1.tgz"
    "version" "1.5.1"
  
  "resolve-from@^4.0.0":
    "version" "4.0.0"
  
  "resolve-from@^5.0.0":
    "version" "5.0.0"
  
  "resolve-pathname@^3.0.0":
    "integrity" "sha512-C7rARubxI8bXFNB/hqcp/4iUeIXJhJZvFPFPiSPRnhU5UPxzMFIl+2E6yY6c4k9giDJAhtV+enfA+G89N6Csng=="
    "resolved" "https://registry.npmjs.org/resolve-pathname/-/resolve-pathname-3.0.0.tgz"
    "version" "3.0.0"
  
  "resolve@^1.20.0":
    "integrity" "sha512-wENBPt4ySzg4ybFQW2TT1zMQucPK95HSh/nq2CFTZVOGut2+pQvSsgtda4d26YrYcr067wjbmzOG8byDPBX63A=="
    "resolved" "https://registry.npmjs.org/resolve/-/resolve-1.20.0.tgz"
    "version" "1.20.0"
    dependencies:
      "is-core-module" "^2.2.0"
      "path-parse" "^1.0.6"
  
  "reusify@^1.0.4":
    "version" "1.0.4"
  
  "rgb-regex@^1.0.1":
    "version" "1.0.1"
  
  "rgba-regex@^1.0.0":
    "version" "1.0.0"
  
  "rimraf@^3.0.0":
    "version" "3.0.2"
    dependencies:
      "glob" "^7.1.3"
  
  "rollup@^2.38.5":
    "integrity" "sha512-Au92NuznFklgQCUcV96iXlxUbHuB1vQMaH76DHl5M11TotjOHwqk9CwcrT78+Tnv4FN9uTBxq6p4EJoYkpyekg=="
    "resolved" "https://registry.npmjs.org/rollup/-/rollup-2.56.3.tgz"
    "version" "2.56.3"
    optionalDependencies:
      "fsevents" "~2.3.2"
  
  "run-parallel@^1.1.9":
    "version" "1.2.0"
    dependencies:
      "queue-microtask" "^1.2.2"
  
  "safe-buffer@~5.1.1":
    "integrity" "sha512-Gd2UZBJDkXlY7GbJxfsE8/nvKkUEU1G38c1siN6QP6a9PT9MmHB8GnpscSmMJSoF8LOIrt8ud/wPtojys4G6+g=="
    "resolved" "https://registry.npmjs.org/safe-buffer/-/safe-buffer-5.1.2.tgz"
    "version" "5.1.2"
  
  "scheduler@^0.20.2":
    "integrity" "sha512-2eWfGgAqqWFGqtdMmcL5zCMK1U8KlXv8SQFGglL3CEtd0aDVDWgeF/YoCmvln55m5zSk3J/20hTaSBeSObsQDQ=="
    "resolved" "https://registry.npmjs.org/scheduler/-/scheduler-0.20.2.tgz"
    "version" "0.20.2"
    dependencies:
      "loose-envify" "^1.1.0"
      "object-assign" "^4.1.1"
  
  "scroll-into-view-if-needed@^2.2.25":
    "integrity" "sha512-8LuxJSuFVc92+0AdNv4QOxRL4Abeo1DgLnGNkn1XlaujPH/3cCFz3QI60r2VNu4obJJROzgnIUw5TKQkZvZI1w=="
    "resolved" "https://registry.npmjs.org/scroll-into-view-if-needed/-/scroll-into-view-if-needed-2.2.28.tgz"
    "version" "2.2.28"
    dependencies:
      "compute-scroll-into-view" "^1.0.17"
  
  "semver@^6.3.0":
    "integrity" "sha512-b39TBaTSfV6yBrapU89p5fKekE2m/NwnDocOVruQFS1/veMgdzuPcnOM34M6CwxW8jH/lxEa5rBoDeUwu5HHTw=="
    "resolved" "https://registry.npmjs.org/semver/-/semver-6.3.0.tgz"
    "version" "6.3.0"
  
  "shallowequal@^1.1.0":
    "integrity" "sha512-y0m1JoUZSlPAjXVtPPW70aZWfIL/dSP7AFkRnniLCrK/8MDKog3TySTBmckD+RObVxH0v4Tox67+F14PdED2oQ=="
    "resolved" "https://registry.npmjs.org/shallowequal/-/shallowequal-1.1.0.tgz"
    "version" "1.1.0"
  
  "simple-swizzle@^0.2.2":
    "version" "0.2.2"
    dependencies:
      "is-arrayish" "^0.3.1"
  
  "source-map-js@^0.6.2":
    "integrity" "sha512-/3GptzWzu0+0MBQFrDKzw/DvvMTUORvgY6k6jd/VS6iCR4RDTKWH6v6WPwQoUO8667uQEf9Oe38DxAYWY5F/Ug=="
    "resolved" "https://registry.npmjs.org/source-map-js/-/source-map-js-0.6.2.tgz"
    "version" "0.6.2"
  
  "source-map@^0.5.0":
    "integrity" "sha1-igOdLRAh0i0eoUyA2OpGi6LvP8w="
    "resolved" "https://registry.npmjs.org/source-map/-/source-map-0.5.7.tgz"
    "version" "0.5.7"
  
  "string-convert@^0.2.0":
    "integrity" "sha1-aYLMMEn7tM2F+LJFaLnZvznu/5c="
    "resolved" "https://registry.npmjs.org/string-convert/-/string-convert-0.2.1.tgz"
    "version" "0.2.1"
  
  "supports-color@^5.3.0":
    "integrity" "sha512-QjVjwdXIt408MIiAqCX4oUKsgU2EqAGzs2Ppkm4aQYbjm+ZEWEcW4SfFNTr4uMNZma0ey4f5lgLrkB0aX0QMow=="
    "resolved" "https://registry.npmjs.org/supports-color/-/supports-color-5.5.0.tgz"
    "version" "5.5.0"
    dependencies:
      "has-flag" "^3.0.0"
  
  "supports-color@^7.1.0":
    "version" "7.2.0"
    dependencies:
      "has-flag" "^4.0.0"
  
  "tailwindcss@^2.2.15":
    "version" "2.2.15"
    dependencies:
      "arg" "^5.0.1"
      "bytes" "^3.0.0"
      "chalk" "^4.1.2"
      "chokidar" "^3.5.2"
      "color" "^4.0.1"
      "cosmiconfig" "^7.0.1"
      "detective" "^5.2.0"
      "didyoumean" "^1.2.2"
      "dlv" "^1.1.3"
      "fast-glob" "^3.2.7"
      "fs-extra" "^10.0.0"
      "glob-parent" "^6.0.1"
      "html-tags" "^3.1.0"
      "is-color-stop" "^1.1.0"
      "is-glob" "^4.0.1"
      "lodash" "^4.17.21"
      "lodash.topath" "^4.5.2"
      "modern-normalize" "^1.1.0"
      "node-emoji" "^1.11.0"
      "normalize-path" "^3.0.0"
      "object-hash" "^2.2.0"
      "postcss-js" "^3.0.3"
      "postcss-load-config" "^3.1.0"
      "postcss-nested" "5.0.6"
      "postcss-selector-parser" "^6.0.6"
      "postcss-value-parser" "^4.1.0"
      "pretty-hrtime" "^1.0.3"
      "purgecss" "^4.0.3"
      "quick-lru" "^5.1.1"
      "reduce-css-calc" "^2.1.8"
      "resolve" "^1.20.0"
      "tmp" "^0.2.1"
  
  "tiny-invariant@^1.0.2":
    "integrity" "sha512-ytxQvrb1cPc9WBEI/HSeYYoGD0kWnGEOR8RY6KomWLBVhqz0RgTwVO9dLrGz7dC+nN9llyI7OKAgRq8Vq4ZBSw=="
    "resolved" "https://registry.npmjs.org/tiny-invariant/-/tiny-invariant-1.1.0.tgz"
    "version" "1.1.0"
  
  "tiny-warning@^1.0.0", "tiny-warning@^1.0.3":
    "integrity" "sha512-lBN9zLN/oAf68o3zNXYrdCt1kP8WsiGW8Oo2ka41b2IM5JL/S1CTyX1rW0mb/zSuJun0ZUrDxx4sqvYS2FWzPA=="
    "resolved" "https://registry.npmjs.org/tiny-warning/-/tiny-warning-1.0.3.tgz"
    "version" "1.0.3"
  
  "tmp@^0.2.1":
    "version" "0.2.1"
    dependencies:
      "rimraf" "^3.0.0"
  
  "to-fast-properties@^2.0.0":
    "integrity" "sha1-3F5pjL0HkmW8c+A3doGk5Og/YW4="
    "resolved" "https://registry.npmjs.org/to-fast-properties/-/to-fast-properties-2.0.0.tgz"
    "version" "2.0.0"
  
  "to-regex-range@^5.0.1":
    "version" "5.0.1"
    dependencies:
      "is-number" "^7.0.0"
  
  "toggle-selection@^1.0.6":
    "integrity" "sha1-bkWxJj8gF/oKzH2J14sVuL932jI="
    "resolved" "https://registry.npmjs.org/toggle-selection/-/toggle-selection-1.0.6.tgz"
    "version" "1.0.6"
  
  "universalify@^2.0.0":
    "version" "2.0.0"
  
  "util-deprecate@^1.0.2":
    "version" "1.0.2"
  
  "value-equal@^1.0.1":
    "integrity" "sha512-NOJ6JZCAWr0zlxZt+xqCHNTEKOsrks2HQd4MqhP1qy4z1SkbEP467eNx6TgDKXMvUOb+OENfJCZwM+16n7fRfw=="
    "resolved" "https://registry.npmjs.org/value-equal/-/value-equal-1.0.1.tgz"
    "version" "1.0.1"
  
  "vite@^2.5.4":
    "integrity" "sha512-0ObiHTi5AHyXdJcvZ67HMsDgVpjT5RehvVKv6+Q0jFZ7zDI28PF5zK9mYz2avxdA+4iJMdwCz6wnGNnn4WX5Gg=="
    "resolved" "https://registry.npmjs.org/vite/-/vite-2.5.10.tgz"
    "version" "2.5.10"
    dependencies:
      "esbuild" "^0.12.17"
      "postcss" "^8.3.6"
      "resolve" "^1.20.0"
      "rollup" "^2.38.5"
    optionalDependencies:
      "fsevents" "~2.3.2"
  
  "warning@^4.0.1":
    "integrity" "sha512-rpJyN222KWIvHJ/F53XSZv0Zl/accqHR8et1kpaMTD/fLCRxtV8iX8czMzY7sVZupTI3zcUTg8eycS2kNF9l6w=="
    "resolved" "https://registry.npmjs.org/warning/-/warning-4.0.3.tgz"
    "version" "4.0.3"
    dependencies:
      "loose-envify" "^1.0.0"
  
  "wrappy@1":
    "version" "1.0.2"
  
  "xtend@^4.0.2":
    "version" "4.0.2"
  
  "yaml@^1.10.0", "yaml@^1.10.2":
    "version" "1.10.2"
